<?xml version="1.0" encoding="UTF-8"?>
<testng-results ignored="0" total="1" passed="1" failed="0" skipped="0">
  <reporter-output>
  </reporter-output>
  <suite started-at="2024-10-26T16:03:39 IST" name="Default suite" finished-at="2024-10-26T16:04:04 IST" duration-ms="25276">
    <groups>
    </groups>
    <test started-at="2024-10-26T16:03:39 IST" name="Default test" finished-at="2024-10-26T16:04:04 IST" duration-ms="25276">
      <class name="selenium_Tips_tricks1.findtheelemnts_withscroll">
        <test-method signature="countements()[pri:0, instance:selenium_Tips_tricks1.findtheelemnts_withscroll@15eebbff]" started-at="2024-10-26T16:03:39 IST" name="countements" finished-at="2024-10-26T16:04:04 IST" duration-ms="25204" status="PASS">
          <reporter-output>
          </reporter-output>
        </test-method> <!-- countements -->
      </class> <!-- selenium_Tips_tricks1.findtheelemnts_withscroll -->
    </test> <!-- Default test -->
  </suite> <!-- Default suite -->
</testng-results>
